Grammar

    0 $accept: S $end

    1 S: E

    2 E: E PLUS E
    3  | NEGATION E
    4  | ID


Terminals, with rules where they appear

    $end (0) 0
    error (256)
    ID (258) 4
    PLUS (259) 2
    NEGATION (260) 3


Nonterminals, with rules where they appear

    $accept (6)
        on left: 0
    S (7)
        on left: 1
        on right: 0
    E (8)
        on left: 2 3 4
        on right: 1 2 3


State 0

    0 $accept: . S $end

    ID        shift, and go to state 1
    NEGATION  shift, and go to state 2

    S  go to state 3
    E  go to state 4


State 1

    4 E: ID .

    $default  reduce using rule 4 (E)


State 2

    3 E: NEGATION . E

    ID        shift, and go to state 1
    NEGATION  shift, and go to state 2

    E  go to state 5


State 3

    0 $accept: S . $end

    $end  shift, and go to state 6


State 4

    1 S: E .
    2 E: E . PLUS E

    PLUS  shift, and go to state 7

    $default  reduce using rule 1 (S)


State 5

    2 E: E . PLUS E
    3  | NEGATION E .

    $default  reduce using rule 3 (E)


State 6

    0 $accept: S $end .

    $default  accept


State 7

    2 E: E PLUS . E

    ID        shift, and go to state 1
    NEGATION  shift, and go to state 2

    E  go to state 8


State 8

    2 E: E . PLUS E
    2  | E PLUS E .

    $default  reduce using rule 2 (E)
